<?xml version="1.0" encoding="UTF-8"?>
<!-- Generated by org.testng.reporters.JUnitReportReporter -->
<testsuite hostname="LAPTOP-INFITVQT" failures="0" tests="4" name="com.nexsoft.onelist.runner.OneListRunner" time="111.265" errors="0" timestamp="2022-06-24T15:02:22 ICT" skipped="0">
  <testcase classname="com.nexsoft.onelist.runner.OneListRunner" name="runScenario" time="34.316"/>
  <system-out/>
  <testcase classname="com.nexsoft.onelist.runner.OneListRunner" name="runScenario" time="29.173"/>
  <system-out/>
  <testcase classname="com.nexsoft.onelist.runner.OneListRunner" name="runScenario" time="29.153"/>
  <system-out/>
  <testcase classname="com.nexsoft.onelist.runner.OneListRunner" name="runScenario" time="18.623"/>
  <system-out/>
</testsuite> <!-- com.nexsoft.onelist.runner.OneListRunner -->
